build/app/outputs/mapping/release/seeds.txt
com.example.events_manager_app.MainActivity: MainActivity()
com.example.events_manager_app.MainActivity
...
com.google.android.gms.internal.firebase-auth-api.zzga: com.google.android.gms.internal.firebase-auth-api.zzyu zzf
com.google.firebase.firestore.proto.UnknownDocument: com.google.firebase.firestore.proto.UnknownDocument DEFAULT_INSTANCE
io.grpc.internal.ClientStreamListener$RpcProgress: io.grpc.internal.ClientStreamListener$RpcProgress[] values()
com.google.firebase.installations.remote.InstallationResponse$ResponseCode: com.google.firebase.installations.remote.InstallationResponse$ResponseCode[] values()
com.google.android.gms.measurement.AppMeasurement$ConditionalUserProperty: long mTriggeredTimestamp
com.google.firestore.v1.Precondition$ConditionTypeCase: com.google.firestore.v1.Precondition$ConditionTypeCase[] values()
com.google.firestore.v1.TransactionOptions
com.google.firebase.installations.FirebaseInstallationsRegistrar: FirebaseInstallationsRegistrar()
com.google.firebase.firestore.remote.ConnectivityMonitor$NetworkStatus: com.google.firebase.firestore.remote.ConnectivityMonitor$NetworkStatus[] values()
com.google.android.gms.internal.measurement.zzfw: int zzC
androidx.lifecycle.Lifecycle$Event: androidx.lifecycle.Lifecycle$Event[] values()
com.google.type.LatLng: double latitude_
com.google.firestore.v1.ListenResponse: com.google.firestore.v1.ListenResponse DEFAULT_INSTANCE
com.google.android.gms.internal.measurement.zzfw: int zzI
com.google.android.gms.internal.measurement.zzeq: int zza
com.google.android.gms.internal.firebase-auth-api.zzgu: com.google.android.gms.internal.firebase-auth-api.zzgu zzb
androidx.core.app.CoreComponentFactory: CoreComponentFactory()
com.google.android.gms.internal.measurement.zzfw: int zzg
io.flutter.embedding.engine.FlutterJNI: boolean isAttached()
io.flutter.embedding.engine.FlutterJNI: java.lang.String[] computePlatformResolvedLocale(java.lang.String[])
androidx.versionedparcelable.CustomVersionedParcelable
com.google.android.gms.measurement.internal.AppMeasurementDynamiteService: void setConditionalUserProperty(android.os.Bundle,long)
com.google.common.util.concurrent.DirectExecutor: com.google.common.util.concurrent.DirectExecutor[] values()
com.google.android.gms.measurement.internal.zzaq: android.os.Parcelable$Creator CREATOR
io.flutter.embedding.engine.FlutterJNI: void addIsDisplayingFlutterUiListener(io.flutter.embedding.engine.renderer.FlutterUiDisplayListener)
io.flutter.embedding.engine.FlutterJNI: void addEngineLifecycleListener(io.flutter.embedding.engine.FlutterEngine$EngineLifecycleListener)
io.flutter.view.FlutterCallbackInformation: java.lang.String callbackClassName
io.flutter.embedding.android.RenderMode: io.flutter.embedding.android.RenderMode valueOf(java.lang.String)
io.flutter.view.AccessibilityViewEmbedder: void addChildrenToFlutterNode(android.view.accessibility.AccessibilityNodeInfo,android.view.View,android.view.accessibility.AccessibilityNodeInfo)
androidx.activity.ComponentActivity$2
com.google.android.gms.internal.measurement.zzel: com.google.android.gms.internal.measurement.zzeq zzf
com.google.firebase.storage.StorageRegistrar: java.util.List getComponents()
com.google.firestore.v1.StructuredQuery$FieldReference: com.google.protobuf.Parser PARSER
com.google.android.gms.internal.firebase-auth-api.zzly: android.os.Parcelable$Creator CREATOR
io.flutter.plugins.firebase.storage.FlutterFirebaseAppRegistrar: java.util.List getComponents()
com.google.firestore.v1.Target
com.google.firestore.v1.DocumentChange: int TARGET_IDS_FIELD_NUMBER
io.grpc.Context$DirectExecutor: io.grpc.Context$DirectExecutor[] values()
com.google.android.gms.measurement.AppMeasurement: void endAdUnitExposure(java.lang.String)
io.flutter.plugins.firebase.core.FlutterFirebasePluginRegistry: com.google.android.gms.tasks.Task getPluginConstantsForFirebaseApp(com.google.firebase.FirebaseApp)
com.google.firebase.auth.internal.zzbb: android.os.Parcelable$Creator CREATOR
com.google.android.gms.internal.measurement.zzeh: com.google.android.gms.internal.measurement.zzkk zzg