build/app/outputs/mapping/release/mapping.txt
# compiler: R8
# compiler_version: 2.1.62
# min_api: 21
# pg_map_id: 9b73da9
# common_typos_disable
...
com.google.android.gms.measurement.internal.zzbu -> com.google.android.gms.measurement.internal.w0:
    com.google.android.gms.measurement.internal.zzdx zza -> a
    java.lang.Object zza() -> a
com.google.android.gms.measurement.internal.zzbv -> com.google.android.gms.measurement.internal.x0:
    com.google.android.gms.measurement.internal.zzdx zza -> a
    java.lang.Object zza() -> a
com.google.android.gms.measurement.internal.zzbw -> com.google.android.gms.measurement.internal.y0:
    com.google.android.gms.measurement.internal.zzdx zza -> a
    java.lang.Object zza() -> a
com.google.android.gms.measurement.internal.zzbx -> com.google.android.gms.measurement.internal.z0:
    com.google.android.gms.measurement.internal.zzdx zza -> a
    java.lang.Object zza() -> a
com.google.android.gms.measurement.internal.zzby -> com.google.android.gms.measurement.internal.a1:
    com.google.android.gms.measurement.internal.zzdx zza -> a
    java.lang.Object zza() -> a
com.google.android.gms.measurement.internal.zzbz -> com.google.android.gms.measurement.internal.b1:
    com.google.android.gms.measurement.internal.zzdx zza -> a
    java.lang.Object zza() -> a
com.google.android.gms.measurement.internal.zzc -> com.google.android.gms.measurement.internal.c1:
    long zza -> k
    com.google.android.gms.measurement.internal.zzd zzb -> l
com.google.android.gms.measurement.internal.zzca -> com.google.android.gms.measurement.internal.d1:
    com.google.android.gms.measurement.internal.zzdx zza -> a
    java.lang.Object zza() -> a
com.google.android.gms.measurement.internal.zzcb -> com.google.android.gms.measurement.internal.e1:
    com.google.android.gms.measurement.internal.zzdx zza -> a
    java.lang.Object zza() -> a
com.google.android.gms.measurement.internal.zzcc -> com.google.android.gms.measurement.internal.f1:
    com.google.android.gms.measurement.internal.zzdx zza -> a
    java.lang.Object zza() -> a
com.google.android.gms.measurement.internal.zzcd -> com.google.android.gms.measurement.internal.g1:
    com.google.android.gms.measurement.internal.zzdx zza -> a
    java.lang.Object zza() -> a
com.google.android.gms.measurement.internal.zzce -> com.google.android.gms.measurement.internal.h1:
    com.google.android.gms.measurement.internal.zzdx zza -> a
    java.lang.Object zza() -> a
com.google.android.gms.measurement.internal.zzcf -> com.google.android.gms.measurement.internal.i1:
    com.google.android.gms.measurement.internal.zzdx zza -> a
    java.lang.Object zza() -> a
com.google.android.gms.measurement.internal.zzcg -> com.google.android.gms.measurement.internal.j1:
    com.google.android.gms.measurement.internal.zzdx zza -> a
    java.lang.Object zza() -> a
com.google.android.gms.measurement.internal.zzch -> com.google.android.gms.measurement.internal.k1:
    com.google.android.gms.measurement.internal.zzdx zza -> a
    java.lang.Object zza() -> a
com.google.android.gms.measurement.internal.zzci -> com.google.android.gms.measurement.internal.l1:
    com.google.android.gms.measurement.internal.zzdx zza -> a
    java.lang.Object zza() -> a
com.google.android.gms.measurement.internal.zzcj -> com.google.android.gms.measurement.internal.m1:
    com.google.android.gms.measurement.internal.zzdx zza -> a
    java.lang.Object zza() -> a
com.google.android.gms.measurement.internal.zzck -> com.google.android.gms.measurement.internal.n1:
    com.google.android.gms.measurement.internal.zzdx zza -> a
    java.lang.Object zza() -> a
com.google.android.gms.measurement.internal.zzcl -> com.google.android.gms.measurement.internal.o1:
    com.google.android.gms.measurement.internal.zzdx zza -> a
    java.lang.Object zza() -> a
com.google.android.gms.measurement.internal.zzcm -> com.google.android.gms.measurement.internal.p1:
    com.google.android.gms.measurement.internal.zzdx zza -> a
    java.lang.Object zza() -> a