build/app/outputs/mapping/release/usage.txt
com.example.events_manager_app.R$xml
com.example.events_manager_app.R$mipmap
com.example.events_manager_app.R$styleable
com.example.events_manager_app.R$style
com.example.events_manager_app.R$id
com.example.events_manager_app.R$drawable
com.example.events_manager_app.R$integer
com.example.events_manager_app.BuildConfig
com.example.events_manager_app.R$dimen
com.example.events_manager_app.R$color
com.example.events_manager_app.R
com.example.events_manager_app.R$string
com.example.events_manager_app.R$attr
com.example.events_manager_app.R$layout
...
com.google.firebase.firestore.bundle.package-info
com.google.api.MetricDescriptor$MetricKind
com.google.common.graph.AbstractNetwork$3
com.google.protobuf.DescriptorProtos$GeneratedCodeInfo$Annotation
javax.annotation.meta.When
com.google.firestore.v1.CommonProto
com.google.common.util.concurrent.ServiceManager$ServiceManagerState$2
io.flutter.embedding.engine.plugins.broadcastreceiver.BroadcastReceiverPluginBinding:
    public abstract android.content.BroadcastReceiver getBroadcastReceiver()
io.grpc.CallOptions$Key:
    public static io.grpc.CallOptions$Key of(java.lang.String,java.lang.Object)
    public static io.grpc.CallOptions$Key createWithDefault(java.lang.String,java.lang.Object)
    public java.lang.Object getDefault()
com.google.common.collect.EnumMultiset$2$1
com.google.gson.JsonIOException
io.grpc.ProxiedSocketAddress:
    private static final long serialVersionUID
com.google.common.collect.ImmutableSortedMultiset$Builder
androidx.asynclayoutinflater.view.AsyncLayoutInflater
com.google.common.base.Predicates$NotPredicate
com.google.common.collect.ImmutableSortedMultiset
io.grpc.Context:
    public static io.grpc.Context$Key key(java.lang.String)
    public static io.grpc.Context$Key keyWithDefault(java.lang.String,java.lang.Object)
    private void <init>(io.grpc.PersistentHashArrayMappedTrie,int)
    public static java.util.concurrent.Executor currentContextExecutor(java.util.concurrent.Executor)
    synthetic void <init>(io.grpc.Context,io.grpc.PersistentHashArrayMappedTrie,io.grpc.Context$1)
    public io.grpc.Context$CancellableContext withCancellation()
    public io.grpc.Context$CancellableContext withDeadlineAfter(long,java.util.concurrent.TimeUnit,java.util.concurrent.ScheduledExecutorService)
    public io.grpc.Context$CancellableContext withDeadline(io.grpc.Deadline,java.util.concurrent.ScheduledExecutorService)
    public io.grpc.Context withValue(io.grpc.Context$Key,java.lang.Object)
    public io.grpc.Context withValues(io.grpc.Context$Key,java.lang.Object,io.grpc.Context$Key,java.lang.Object)
    public io.grpc.Context withValues(io.grpc.Context$Key,java.lang.Object,io.grpc.Context$Key,java.lang.Object,io.grpc.Context$Key,java.lang.Object)
    public io.grpc.Context withValues(io.grpc.Context$Key,java.lang.Object,io.grpc.Context$Key,java.lang.Object,io.grpc.Context$Key,java.lang.Object,io.grpc.Context$Key,java.lang.Object)
    public io.grpc.Context fork()
    boolean isCurrent()
    int listenerCount()
    public void run(java.lang.Runnable)
    public java.lang.Object call(java.util.concurrent.Callable)
com.google.android.gms.common.api.internal.zzd:
    public final boolean isCreated()
    public final boolean isStarted()
androidx.browser.customtabs.CustomTabsClient$2$1
com.google.api.DistributionProto
io.grpc.InternalChannelz$ServerList
androidx.versionedparcelable.VersionedParcelStream
androidx.core.view.inputmethod.EditorInfoCompat
com.google.protobuf.DescriptorProtos$EnumDescriptorProto$EnumReservedRangeOrBuilder
com.google.android.gms.common.AccountPicker$AccountChooserOptions$Builder
io.flutter.plugins.sharedpreferences.R$attr
com.google.common.util.concurrent.AggregateFutureState$AtomicHelper
com.google.common.collect.LinkedListMultimap$NodeIterator
com.google.protobuf.DescriptorProtos$EnumValueDescriptorProtoOrBuilder
com.google.common.util.concurrent.AbstractExecutionThreadService$1$2
androidx.asynclayoutinflater.view.AsyncLayoutInflater$OnInflateFinishedListener
com.google.android.gms.security.zza